Figwheel: focusing on build-ids (app)
[0mCompiling "resources/public/js/app.js" from ["src-cljs" "env/dev/cljs"]...
[32mSuccessfully compiled "resources/public/js/app.js" in 0.553 seconds.[0m
notifying browser that file changed:  resources/public/js/app.js
notifying browser that file changed:  resources/public/js/out/goog/deps.js
notifying browser that file changed:  /multi_client_ws/websockets.js
notifying browser that file changed:  /multi_client_ws/app.js
notifying browser that file changed:  /multi_client_ws/core.js
Figwheel: focusing on build-ids (app)
[0mCompiling "resources/public/js/app.js" from ["src-cljs" "env/dev/cljs"]...
[32mSuccessfully compiled "resources/public/js/app.js" in 0.396 seconds.[0m
notifying browser that file changed:  resources/public/js/app.js
notifying browser that file changed:  resources/public/js/out/goog/deps.js
notifying browser that file changed:  /multi_client_ws/websockets.js
notifying browser that file changed:  /multi_client_ws/app.js
notifying browser that file changed:  /multi_client_ws/core.js
[0mCompiling "resources/public/js/app.js" from ["src-cljs" "env/dev/cljs"]...
[31mCompiling "resources/public/js/app.js" failed.[0m
ERROR: Unmatched delimiter ) on file /Users/nalbarr/tmp/snofin-web-cljs/src-cljs/multi_client_ws/core.cljs, line 25, column 31
[0mCompiling "resources/public/js/app.js" from ["src-cljs" "env/dev/cljs"]...
[32mSuccessfully compiled "resources/public/js/app.js" in 0.928 seconds.[0m
notifying browser that file changed:  /multi_client_ws/core.js
[0mCompiling "resources/public/js/app.js" from ["src-cljs" "env/dev/cljs"]...
[32mSuccessfully compiled "resources/public/js/app.js" in 1.599 seconds.[0m
notifying browser that file changed:  /multi_client_ws/core.js
Figwheel: focusing on build-ids (app)
[0mCompiling "resources/public/js/app.js" from ["src-cljs" "env/dev/cljs"]...
[32mSuccessfully compiled "resources/public/js/app.js" in 0.955 seconds.[0m
notifying browser that file changed:  resources/public/js/app.js
notifying browser that file changed:  resources/public/js/out/goog/deps.js
notifying browser that file changed:  /multi_client_ws/websockets.js
notifying browser that file changed:  /multi_client_ws/app.js
notifying browser that file changed:  /multi_client_ws/core.js
[0mCompiling "resources/public/js/app.js" from ["src-cljs" "env/dev/cljs"]...
[31mCompiling "resources/public/js/app.js" failed.[0m
clojure.lang.ExceptionInfo: failed compiling file:src-cljs/multi_client_ws/core.cljs
 at clojure.core$ex_info.invoke (core.clj:4591)
    cljs.compiler$compile_file$fn__3059.invoke (compiler.cljc:1146)
    cljs.compiler$compile_file.invoke (compiler.cljc:1109)
    cljs.compiler$compile_root.invoke (compiler.cljc:1181)
    cljs.closure$compile_dir.invoke (closure.clj:385)
    cljs.closure$eval3467$fn__3468.invoke (closure.clj:425)
    cljs.closure$eval3420$fn__3421$G__3411__3428.invoke (closure.clj:331)
    cljs.closure$eval3480$fn__3481.invoke (closure.clj:439)
    cljs.closure$eval3420$fn__3421$G__3411__3428.invoke (closure.clj:331)
    clojurescript_build.core.CompilableSourcePaths/fn (core.clj:19)
    clojure.core$map$fn__4551.invoke (core.clj:2620)
    clojure.lang.LazySeq.sval (LazySeq.java:40)
    clojure.lang.LazySeq.seq (LazySeq.java:49)
    clojure.lang.RT.seq (RT.java:507)
    clojure.core/seq (core.clj:135)
    clojure.core$apply.invoke (core.clj:628)
    clojure.core$mapcat.doInvoke (core.clj:2658)
    clojure.lang.RestFn.invoke (RestFn.java:423)
    clojurescript_build.core.CompilableSourcePaths._compile (core.clj:19)
    cljs.closure$build.invoke (closure.clj:1475)
    clojurescript_build.core$build_source_paths_STAR_.invoke (core.clj:153)
    figwheel_sidecar.auto_builder$default_build_options$fn__17729.invoke (auto_builder.clj:77)
    figwheel_sidecar.auto_builder$insert_figwheel_connect_script$fn__17762.invoke (auto_builder.clj:179)
    figwheel_sidecar.auto_builder$warning$fn__17726.invoke (auto_builder.clj:73)
    clojurescript_build.auto$time_build$fn__17522.invoke (auto.clj:55)
    clojurescript_build.auto$after$fn__17528.invoke (auto.clj:64)
    clojurescript_build.auto$after$fn__17528.invoke (auto.clj:64)
    clojurescript_build.auto$after$fn__17528.invoke (auto.clj:64)
    clojurescript_build.auto$error$fn__17531.invoke (auto.clj:71)
    clojurescript_build.auto$before$fn__17525.invoke (auto.clj:60)
[0mCompiling "resources/public/js/app.js" from ["src-cljs" "env/dev/cljs"]...
[31mCompiling "resources/public/js/app.js" failed.[0m
clojure.lang.ExceptionInfo: failed compiling file:src-cljs/multi_client_ws/core.cljs
 at clojure.core$ex_info.invoke (core.clj:4591)
    cljs.compiler$compile_file$fn__3059.invoke (compiler.cljc:1146)
    cljs.compiler$compile_file.invoke (compiler.cljc:1109)
    cljs.compiler$compile_root.invoke (compiler.cljc:1181)
    cljs.closure$compile_dir.invoke (closure.clj:385)
    cljs.closure$eval3467$fn__3468.invoke (closure.clj:425)
    cljs.closure$eval3420$fn__3421$G__3411__3428.invoke (closure.clj:331)
    cljs.closure$eval3480$fn__3481.invoke (closure.clj:439)
    cljs.closure$eval3420$fn__3421$G__3411__3428.invoke (closure.clj:331)
    clojurescript_build.core.CompilableSourcePaths/fn (core.clj:19)
    clojure.core$map$fn__4551.invoke (core.clj:2620)
    clojure.lang.LazySeq.sval (LazySeq.java:40)
    clojure.lang.LazySeq.seq (LazySeq.java:49)
    clojure.lang.RT.seq (RT.java:507)
    clojure.core/seq (core.clj:135)
    clojure.core$apply.invoke (core.clj:628)
    clojure.core$mapcat.doInvoke (core.clj:2658)
    clojure.lang.RestFn.invoke (RestFn.java:423)
    clojurescript_build.core.CompilableSourcePaths._compile (core.clj:19)
    cljs.closure$build.invoke (closure.clj:1475)
    clojurescript_build.core$build_source_paths_STAR_.invoke (core.clj:153)
    figwheel_sidecar.auto_builder$default_build_options$fn__17729.invoke (auto_builder.clj:77)
    figwheel_sidecar.auto_builder$insert_figwheel_connect_script$fn__17762.invoke (auto_builder.clj:179)
    figwheel_sidecar.auto_builder$warning$fn__17726.invoke (auto_builder.clj:73)
    clojurescript_build.auto$time_build$fn__17522.invoke (auto.clj:55)
    clojurescript_build.auto$after$fn__17528.invoke (auto.clj:64)
    clojurescript_build.auto$after$fn__17528.invoke (auto.clj:64)
    clojurescript_build.auto$after$fn__17528.invoke (auto.clj:64)
    clojurescript_build.auto$error$fn__17531.invoke (auto.clj:71)
    clojurescript_build.auto$before$fn__17525.invoke (auto.clj:60)
[0mCompiling "resources/public/js/app.js" from ["src-cljs" "env/dev/cljs"]...
[31mCompiling "resources/public/js/app.js" failed.[0m
clojure.lang.ExceptionInfo: failed compiling file:src-cljs/multi_client_ws/core.cljs
 at clojure.core$ex_info.invoke (core.clj:4591)
    cljs.compiler$compile_file$fn__3059.invoke (compiler.cljc:1146)
    cljs.compiler$compile_file.invoke (compiler.cljc:1109)
    cljs.compiler$compile_root.invoke (compiler.cljc:1181)
    cljs.closure$compile_dir.invoke (closure.clj:385)
    cljs.closure$eval3467$fn__3468.invoke (closure.clj:425)
    cljs.closure$eval3420$fn__3421$G__3411__3428.invoke (closure.clj:331)
    cljs.closure$eval3480$fn__3481.invoke (closure.clj:439)
    cljs.closure$eval3420$fn__3421$G__3411__3428.invoke (closure.clj:331)
    clojurescript_build.core.CompilableSourcePaths/fn (core.clj:19)
    clojure.core$map$fn__4551.invoke (core.clj:2620)
    clojure.lang.LazySeq.sval (LazySeq.java:40)
    clojure.lang.LazySeq.seq (LazySeq.java:49)
    clojure.lang.RT.seq (RT.java:507)
    clojure.core/seq (core.clj:135)
    clojure.core$apply.invoke (core.clj:628)
    clojure.core$mapcat.doInvoke (core.clj:2658)
    clojure.lang.RestFn.invoke (RestFn.java:423)
    clojurescript_build.core.CompilableSourcePaths._compile (core.clj:19)
    cljs.closure$build.invoke (closure.clj:1475)
    clojurescript_build.core$build_source_paths_STAR_.invoke (core.clj:153)
    figwheel_sidecar.auto_builder$default_build_options$fn__17729.invoke (auto_builder.clj:77)
    figwheel_sidecar.auto_builder$insert_figwheel_connect_script$fn__17762.invoke (auto_builder.clj:179)
    figwheel_sidecar.auto_builder$warning$fn__17726.invoke (auto_builder.clj:73)
    clojurescript_build.auto$time_build$fn__17522.invoke (auto.clj:55)
    clojurescript_build.auto$after$fn__17528.invoke (auto.clj:64)
    clojurescript_build.auto$after$fn__17528.invoke (auto.clj:64)
    clojurescript_build.auto$after$fn__17528.invoke (auto.clj:64)
    clojurescript_build.auto$error$fn__17531.invoke (auto.clj:71)
    clojurescript_build.auto$before$fn__17525.invoke (auto.clj:60)
[0mCompiling "resources/public/js/app.js" from ["src-cljs" "env/dev/cljs"]...
[31mCompiling "resources/public/js/app.js" failed.[0m
clojure.lang.ExceptionInfo: failed compiling file:src-cljs/multi_client_ws/core.cljs
 at clojure.core$ex_info.invoke (core.clj:4591)
    cljs.compiler$compile_file$fn__3059.invoke (compiler.cljc:1146)
    cljs.compiler$compile_file.invoke (compiler.cljc:1109)
    cljs.compiler$compile_root.invoke (compiler.cljc:1181)
    cljs.closure$compile_dir.invoke (closure.clj:385)
    cljs.closure$eval3467$fn__3468.invoke (closure.clj:425)
    cljs.closure$eval3420$fn__3421$G__3411__3428.invoke (closure.clj:331)
    cljs.closure$eval3480$fn__3481.invoke (closure.clj:439)
    cljs.closure$eval3420$fn__3421$G__3411__3428.invoke (closure.clj:331)
    clojurescript_build.core.CompilableSourcePaths/fn (core.clj:19)
    clojure.core$map$fn__4551.invoke (core.clj:2620)
    clojure.lang.LazySeq.sval (LazySeq.java:40)
    clojure.lang.LazySeq.seq (LazySeq.java:49)
    clojure.lang.RT.seq (RT.java:507)
    clojure.core/seq (core.clj:135)
    clojure.core$apply.invoke (core.clj:628)
    clojure.core$mapcat.doInvoke (core.clj:2658)
    clojure.lang.RestFn.invoke (RestFn.java:423)
    clojurescript_build.core.CompilableSourcePaths._compile (core.clj:19)
    cljs.closure$build.invoke (closure.clj:1475)
    clojurescript_build.core$build_source_paths_STAR_.invoke (core.clj:153)
    figwheel_sidecar.auto_builder$default_build_options$fn__17729.invoke (auto_builder.clj:77)
    figwheel_sidecar.auto_builder$insert_figwheel_connect_script$fn__17762.invoke (auto_builder.clj:179)
    figwheel_sidecar.auto_builder$warning$fn__17726.invoke (auto_builder.clj:73)
    clojurescript_build.auto$time_build$fn__17522.invoke (auto.clj:55)
    clojurescript_build.auto$after$fn__17528.invoke (auto.clj:64)
    clojurescript_build.auto$after$fn__17528.invoke (auto.clj:64)
    clojurescript_build.auto$after$fn__17528.invoke (auto.clj:64)
    clojurescript_build.auto$error$fn__17531.invoke (auto.clj:71)
    clojurescript_build.auto$before$fn__17525.invoke (auto.clj:60)
[0mCompiling "resources/public/js/app.js" from ["src-cljs" "env/dev/cljs"]...
[31mCompiling "resources/public/js/app.js" failed.[0m
clojure.lang.ExceptionInfo: failed compiling file:src-cljs/multi_client_ws/core.cljs
 at clojure.core$ex_info.invoke (core.clj:4591)
    cljs.compiler$compile_file$fn__3059.invoke (compiler.cljc:1146)
    cljs.compiler$compile_file.invoke (compiler.cljc:1109)
    cljs.compiler$compile_root.invoke (compiler.cljc:1181)
    cljs.closure$compile_dir.invoke (closure.clj:385)
    cljs.closure$eval3467$fn__3468.invoke (closure.clj:425)
    cljs.closure$eval3420$fn__3421$G__3411__3428.invoke (closure.clj:331)
    cljs.closure$eval3480$fn__3481.invoke (closure.clj:439)
    cljs.closure$eval3420$fn__3421$G__3411__3428.invoke (closure.clj:331)
    clojurescript_build.core.CompilableSourcePaths/fn (core.clj:19)
    clojure.core$map$fn__4551.invoke (core.clj:2620)
    clojure.lang.LazySeq.sval (LazySeq.java:40)
    clojure.lang.LazySeq.seq (LazySeq.java:49)
    clojure.lang.RT.seq (RT.java:507)
    clojure.core/seq (core.clj:135)
    clojure.core$apply.invoke (core.clj:628)
    clojure.core$mapcat.doInvoke (core.clj:2658)
    clojure.lang.RestFn.invoke (RestFn.java:423)
    clojurescript_build.core.CompilableSourcePaths._compile (core.clj:19)
    cljs.closure$build.invoke (closure.clj:1475)
    clojurescript_build.core$build_source_paths_STAR_.invoke (core.clj:153)
    figwheel_sidecar.auto_builder$default_build_options$fn__17729.invoke (auto_builder.clj:77)
    figwheel_sidecar.auto_builder$insert_figwheel_connect_script$fn__17762.invoke (auto_builder.clj:179)
    figwheel_sidecar.auto_builder$warning$fn__17726.invoke (auto_builder.clj:73)
    clojurescript_build.auto$time_build$fn__17522.invoke (auto.clj:55)
    clojurescript_build.auto$after$fn__17528.invoke (auto.clj:64)
    clojurescript_build.auto$after$fn__17528.invoke (auto.clj:64)
    clojurescript_build.auto$after$fn__17528.invoke (auto.clj:64)
    clojurescript_build.auto$error$fn__17531.invoke (auto.clj:71)
    clojurescript_build.auto$before$fn__17525.invoke (auto.clj:60)
[0mCompiling "resources/public/js/app.js" from ["src-cljs" "env/dev/cljs"]...
[31mCompiling "resources/public/js/app.js" failed.[0m
clojure.lang.ExceptionInfo: failed compiling file:src-cljs/multi_client_ws/core.cljs
 at clojure.core$ex_info.invoke (core.clj:4591)
    cljs.compiler$compile_file$fn__3059.invoke (compiler.cljc:1146)
    cljs.compiler$compile_file.invoke (compiler.cljc:1109)
    cljs.compiler$compile_root.invoke (compiler.cljc:1181)
    cljs.closure$compile_dir.invoke (closure.clj:385)
    cljs.closure$eval3467$fn__3468.invoke (closure.clj:425)
    cljs.closure$eval3420$fn__3421$G__3411__3428.invoke (closure.clj:331)
    cljs.closure$eval3480$fn__3481.invoke (closure.clj:439)
    cljs.closure$eval3420$fn__3421$G__3411__3428.invoke (closure.clj:331)
    clojurescript_build.core.CompilableSourcePaths/fn (core.clj:19)
    clojure.core$map$fn__4551.invoke (core.clj:2620)
    clojure.lang.LazySeq.sval (LazySeq.java:40)
    clojure.lang.LazySeq.seq (LazySeq.java:49)
    clojure.lang.RT.seq (RT.java:507)
    clojure.core/seq (core.clj:135)
    clojure.core$apply.invoke (core.clj:628)
    clojure.core$mapcat.doInvoke (core.clj:2658)
    clojure.lang.RestFn.invoke (RestFn.java:423)
    clojurescript_build.core.CompilableSourcePaths._compile (core.clj:19)
    cljs.closure$build.invoke (closure.clj:1475)
    clojurescript_build.core$build_source_paths_STAR_.invoke (core.clj:153)
    figwheel_sidecar.auto_builder$default_build_options$fn__17729.invoke (auto_builder.clj:77)
    figwheel_sidecar.auto_builder$insert_figwheel_connect_script$fn__17762.invoke (auto_builder.clj:179)
    figwheel_sidecar.auto_builder$warning$fn__17726.invoke (auto_builder.clj:73)
    clojurescript_build.auto$time_build$fn__17522.invoke (auto.clj:55)
    clojurescript_build.auto$after$fn__17528.invoke (auto.clj:64)
    clojurescript_build.auto$after$fn__17528.invoke (auto.clj:64)
    clojurescript_build.auto$after$fn__17528.invoke (auto.clj:64)
    clojurescript_build.auto$error$fn__17531.invoke (auto.clj:71)
    clojurescript_build.auto$before$fn__17525.invoke (auto.clj:60)
[0mCompiling "resources/public/js/app.js" from ["src-cljs" "env/dev/cljs"]...
[31mCompiling "resources/public/js/app.js" failed.[0m
clojure.lang.ExceptionInfo: failed compiling file:src-cljs/multi_client_ws/core.cljs
 at clojure.core$ex_info.invoke (core.clj:4591)
    cljs.compiler$compile_file$fn__3059.invoke (compiler.cljc:1146)
    cljs.compiler$compile_file.invoke (compiler.cljc:1109)
    cljs.compiler$compile_root.invoke (compiler.cljc:1181)
    cljs.closure$compile_dir.invoke (closure.clj:385)
    cljs.closure$eval3467$fn__3468.invoke (closure.clj:425)
    cljs.closure$eval3420$fn__3421$G__3411__3428.invoke (closure.clj:331)
    cljs.closure$eval3480$fn__3481.invoke (closure.clj:439)
    cljs.closure$eval3420$fn__3421$G__3411__3428.invoke (closure.clj:331)
    clojurescript_build.core.CompilableSourcePaths/fn (core.clj:19)
    clojure.core$map$fn__4551.invoke (core.clj:2620)
    clojure.lang.LazySeq.sval (LazySeq.java:40)
    clojure.lang.LazySeq.seq (LazySeq.java:49)
    clojure.lang.RT.seq (RT.java:507)
    clojure.core/seq (core.clj:135)
    clojure.core$apply.invoke (core.clj:628)
    clojure.core$mapcat.doInvoke (core.clj:2658)
    clojure.lang.RestFn.invoke (RestFn.java:423)
    clojurescript_build.core.CompilableSourcePaths._compile (core.clj:19)
    cljs.closure$build.invoke (closure.clj:1475)
    clojurescript_build.core$build_source_paths_STAR_.invoke (core.clj:153)
    figwheel_sidecar.auto_builder$default_build_options$fn__17729.invoke (auto_builder.clj:77)
    figwheel_sidecar.auto_builder$insert_figwheel_connect_script$fn__17762.invoke (auto_builder.clj:179)
    figwheel_sidecar.auto_builder$warning$fn__17726.invoke (auto_builder.clj:73)
    clojurescript_build.auto$time_build$fn__17522.invoke (auto.clj:55)
    clojurescript_build.auto$after$fn__17528.invoke (auto.clj:64)
    clojurescript_build.auto$after$fn__17528.invoke (auto.clj:64)
    clojurescript_build.auto$after$fn__17528.invoke (auto.clj:64)
    clojurescript_build.auto$error$fn__17531.invoke (auto.clj:71)
    clojurescript_build.auto$before$fn__17525.invoke (auto.clj:60)
[0mCompiling "resources/public/js/app.js" from ["src-cljs" "env/dev/cljs"]...
[31mCompiling "resources/public/js/app.js" failed.[0m
clojure.lang.ExceptionInfo: failed compiling file:src-cljs/multi_client_ws/core.cljs
 at clojure.core$ex_info.invoke (core.clj:4591)
    cljs.compiler$compile_file$fn__3059.invoke (compiler.cljc:1146)
    cljs.compiler$compile_file.invoke (compiler.cljc:1109)
    cljs.compiler$compile_root.invoke (compiler.cljc:1181)
    cljs.closure$compile_dir.invoke (closure.clj:385)
    cljs.closure$eval3467$fn__3468.invoke (closure.clj:425)
    cljs.closure$eval3420$fn__3421$G__3411__3428.invoke (closure.clj:331)
    cljs.closure$eval3480$fn__3481.invoke (closure.clj:439)
    cljs.closure$eval3420$fn__3421$G__3411__3428.invoke (closure.clj:331)
    clojurescript_build.core.CompilableSourcePaths/fn (core.clj:19)
    clojure.core$map$fn__4551.invoke (core.clj:2620)
    clojure.lang.LazySeq.sval (LazySeq.java:40)
    clojure.lang.LazySeq.seq (LazySeq.java:49)
    clojure.lang.RT.seq (RT.java:507)
    clojure.core/seq (core.clj:135)
    clojure.core$apply.invoke (core.clj:628)
    clojure.core$mapcat.doInvoke (core.clj:2658)
    clojure.lang.RestFn.invoke (RestFn.java:423)
    clojurescript_build.core.CompilableSourcePaths._compile (core.clj:19)
    cljs.closure$build.invoke (closure.clj:1475)
    clojurescript_build.core$build_source_paths_STAR_.invoke (core.clj:153)
    figwheel_sidecar.auto_builder$default_build_options$fn__17729.invoke (auto_builder.clj:77)
    figwheel_sidecar.auto_builder$insert_figwheel_connect_script$fn__17762.invoke (auto_builder.clj:179)
    figwheel_sidecar.auto_builder$warning$fn__17726.invoke (auto_builder.clj:73)
    clojurescript_build.auto$time_build$fn__17522.invoke (auto.clj:55)
    clojurescript_build.auto$after$fn__17528.invoke (auto.clj:64)
    clojurescript_build.auto$after$fn__17528.invoke (auto.clj:64)
    clojurescript_build.auto$after$fn__17528.invoke (auto.clj:64)
    clojurescript_build.auto$error$fn__17531.invoke (auto.clj:71)
    clojurescript_build.auto$before$fn__17525.invoke (auto.clj:60)
[0mCompiling "resources/public/js/app.js" from ["src-cljs" "env/dev/cljs"]...
[31mCompiling "resources/public/js/app.js" failed.[0m
clojure.lang.ExceptionInfo: failed compiling file:src-cljs/multi_client_ws/core.cljs
 at clojure.core$ex_info.invoke (core.clj:4591)
    cljs.compiler$compile_file$fn__3059.invoke (compiler.cljc:1146)
    cljs.compiler$compile_file.invoke (compiler.cljc:1109)
    cljs.compiler$compile_root.invoke (compiler.cljc:1181)
    cljs.closure$compile_dir.invoke (closure.clj:385)
    cljs.closure$eval3467$fn__3468.invoke (closure.clj:425)
    cljs.closure$eval3420$fn__3421$G__3411__3428.invoke (closure.clj:331)
    cljs.closure$eval3480$fn__3481.invoke (closure.clj:439)
    cljs.closure$eval3420$fn__3421$G__3411__3428.invoke (closure.clj:331)
    clojurescript_build.core.CompilableSourcePaths/fn (core.clj:19)
    clojure.core$map$fn__4551.invoke (core.clj:2620)
    clojure.lang.LazySeq.sval (LazySeq.java:40)
    clojure.lang.LazySeq.seq (LazySeq.java:49)
    clojure.lang.RT.seq (RT.java:507)
    clojure.core/seq (core.clj:135)
    clojure.core$apply.invoke (core.clj:628)
    clojure.core$mapcat.doInvoke (core.clj:2658)
    clojure.lang.RestFn.invoke (RestFn.java:423)
    clojurescript_build.core.CompilableSourcePaths._compile (core.clj:19)
    cljs.closure$build.invoke (closure.clj:1475)
    clojurescript_build.core$build_source_paths_STAR_.invoke (core.clj:153)
    figwheel_sidecar.auto_builder$default_build_options$fn__17729.invoke (auto_builder.clj:77)
    figwheel_sidecar.auto_builder$insert_figwheel_connect_script$fn__17762.invoke (auto_builder.clj:179)
    figwheel_sidecar.auto_builder$warning$fn__17726.invoke (auto_builder.clj:73)
    clojurescript_build.auto$time_build$fn__17522.invoke (auto.clj:55)
    clojurescript_build.auto$after$fn__17528.invoke (auto.clj:64)
    clojurescript_build.auto$after$fn__17528.invoke (auto.clj:64)
    clojurescript_build.auto$after$fn__17528.invoke (auto.clj:64)
    clojurescript_build.auto$error$fn__17531.invoke (auto.clj:71)
    clojurescript_build.auto$before$fn__17525.invoke (auto.clj:60)
[0mCompiling "resources/public/js/app.js" from ["src-cljs" "env/dev/cljs"]...
[31mCompiling "resources/public/js/app.js" failed.[0m
clojure.lang.ExceptionInfo: failed compiling file:src-cljs/multi_client_ws/core.cljs
 at clojure.core$ex_info.invoke (core.clj:4591)
    cljs.compiler$compile_file$fn__3059.invoke (compiler.cljc:1146)
    cljs.compiler$compile_file.invoke (compiler.cljc:1109)
    cljs.compiler$compile_root.invoke (compiler.cljc:1181)
    cljs.closure$compile_dir.invoke (closure.clj:385)
    cljs.closure$eval3467$fn__3468.invoke (closure.clj:425)
    cljs.closure$eval3420$fn__3421$G__3411__3428.invoke (closure.clj:331)
    cljs.closure$eval3480$fn__3481.invoke (closure.clj:439)
    cljs.closure$eval3420$fn__3421$G__3411__3428.invoke (closure.clj:331)
    clojurescript_build.core.CompilableSourcePaths/fn (core.clj:19)
    clojure.core$map$fn__4551.invoke (core.clj:2620)
    clojure.lang.LazySeq.sval (LazySeq.java:40)
    clojure.lang.LazySeq.seq (LazySeq.java:49)
    clojure.lang.RT.seq (RT.java:507)
    clojure.core/seq (core.clj:135)
    clojure.core$apply.invoke (core.clj:628)
    clojure.core$mapcat.doInvoke (core.clj:2658)
    clojure.lang.RestFn.invoke (RestFn.java:423)
    clojurescript_build.core.CompilableSourcePaths._compile (core.clj:19)
    cljs.closure$build.invoke (closure.clj:1475)
    clojurescript_build.core$build_source_paths_STAR_.invoke (core.clj:153)
    figwheel_sidecar.auto_builder$default_build_options$fn__17729.invoke (auto_builder.clj:77)
    figwheel_sidecar.auto_builder$insert_figwheel_connect_script$fn__17762.invoke (auto_builder.clj:179)
    figwheel_sidecar.auto_builder$warning$fn__17726.invoke (auto_builder.clj:73)
    clojurescript_build.auto$time_build$fn__17522.invoke (auto.clj:55)
    clojurescript_build.auto$after$fn__17528.invoke (auto.clj:64)
    clojurescript_build.auto$after$fn__17528.invoke (auto.clj:64)
    clojurescript_build.auto$after$fn__17528.invoke (auto.clj:64)
    clojurescript_build.auto$error$fn__17531.invoke (auto.clj:71)
    clojurescript_build.auto$before$fn__17525.invoke (auto.clj:60)
[0mCompiling "resources/public/js/app.js" from ["src-cljs" "env/dev/cljs"]...
[31mCompiling "resources/public/js/app.js" failed.[0m
clojure.lang.ExceptionInfo: failed compiling file:src-cljs/multi_client_ws/core.cljs
 at clojure.core$ex_info.invoke (core.clj:4591)
    cljs.compiler$compile_file$fn__3059.invoke (compiler.cljc:1146)
    cljs.compiler$compile_file.invoke (compiler.cljc:1109)
    cljs.compiler$compile_root.invoke (compiler.cljc:1181)
    cljs.closure$compile_dir.invoke (closure.clj:385)
    cljs.closure$eval3467$fn__3468.invoke (closure.clj:425)
    cljs.closure$eval3420$fn__3421$G__3411__3428.invoke (closure.clj:331)
    cljs.closure$eval3480$fn__3481.invoke (closure.clj:439)
    cljs.closure$eval3420$fn__3421$G__3411__3428.invoke (closure.clj:331)
    clojurescript_build.core.CompilableSourcePaths/fn (core.clj:19)
    clojure.core$map$fn__4551.invoke (core.clj:2620)
    clojure.lang.LazySeq.sval (LazySeq.java:40)
    clojure.lang.LazySeq.seq (LazySeq.java:49)
    clojure.lang.RT.seq (RT.java:507)
    clojure.core/seq (core.clj:135)
    clojure.core$apply.invoke (core.clj:628)
    clojure.core$mapcat.doInvoke (core.clj:2658)
    clojure.lang.RestFn.invoke (RestFn.java:423)
    clojurescript_build.core.CompilableSourcePaths._compile (core.clj:19)
    cljs.closure$build.invoke (closure.clj:1475)
    clojurescript_build.core$build_source_paths_STAR_.invoke (core.clj:153)
    figwheel_sidecar.auto_builder$default_build_options$fn__17729.invoke (auto_builder.clj:77)
    figwheel_sidecar.auto_builder$insert_figwheel_connect_script$fn__17762.invoke (auto_builder.clj:179)
    figwheel_sidecar.auto_builder$warning$fn__17726.invoke (auto_builder.clj:73)
    clojurescript_build.auto$time_build$fn__17522.invoke (auto.clj:55)
    clojurescript_build.auto$after$fn__17528.invoke (auto.clj:64)
    clojurescript_build.auto$after$fn__17528.invoke (auto.clj:64)
    clojurescript_build.auto$after$fn__17528.invoke (auto.clj:64)
    clojurescript_build.auto$error$fn__17531.invoke (auto.clj:71)
    clojurescript_build.auto$before$fn__17525.invoke (auto.clj:60)
[0mCompiling "resources/public/js/app.js" from ["src-cljs" "env/dev/cljs"]...
[31mCompiling "resources/public/js/app.js" failed.[0m
clojure.lang.ExceptionInfo: failed compiling file:src-cljs/multi_client_ws/core.cljs
 at clojure.core$ex_info.invoke (core.clj:4591)
    cljs.compiler$compile_file$fn__3059.invoke (compiler.cljc:1146)
    cljs.compiler$compile_file.invoke (compiler.cljc:1109)
    cljs.compiler$compile_root.invoke (compiler.cljc:1181)
    cljs.closure$compile_dir.invoke (closure.clj:385)
    cljs.closure$eval3467$fn__3468.invoke (closure.clj:425)
    cljs.closure$eval3420$fn__3421$G__3411__3428.invoke (closure.clj:331)
    cljs.closure$eval3480$fn__3481.invoke (closure.clj:439)
    cljs.closure$eval3420$fn__3421$G__3411__3428.invoke (closure.clj:331)
    clojurescript_build.core.CompilableSourcePaths/fn (core.clj:19)
    clojure.core$map$fn__4551.invoke (core.clj:2620)
    clojure.lang.LazySeq.sval (LazySeq.java:40)
    clojure.lang.LazySeq.seq (LazySeq.java:49)
    clojure.lang.RT.seq (RT.java:507)
    clojure.core/seq (core.clj:135)
    clojure.core$apply.invoke (core.clj:628)
    clojure.core$mapcat.doInvoke (core.clj:2658)
    clojure.lang.RestFn.invoke (RestFn.java:423)
    clojurescript_build.core.CompilableSourcePaths._compile (core.clj:19)
    cljs.closure$build.invoke (closure.clj:1475)
    clojurescript_build.core$build_source_paths_STAR_.invoke (core.clj:153)
    figwheel_sidecar.auto_builder$default_build_options$fn__17729.invoke (auto_builder.clj:77)
    figwheel_sidecar.auto_builder$insert_figwheel_connect_script$fn__17762.invoke (auto_builder.clj:179)
    figwheel_sidecar.auto_builder$warning$fn__17726.invoke (auto_builder.clj:73)
    clojurescript_build.auto$time_build$fn__17522.invoke (auto.clj:55)
    clojurescript_build.auto$after$fn__17528.invoke (auto.clj:64)
    clojurescript_build.auto$after$fn__17528.invoke (auto.clj:64)
    clojurescript_build.auto$after$fn__17528.invoke (auto.clj:64)
    clojurescript_build.auto$error$fn__17531.invoke (auto.clj:71)
    clojurescript_build.auto$before$fn__17525.invoke (auto.clj:60)
[0mCompiling "resources/public/js/app.js" from ["src-cljs" "env/dev/cljs"]...
[31mCompiling "resources/public/js/app.js" failed.[0m
clojure.lang.ExceptionInfo: failed compiling file:src-cljs/multi_client_ws/core.cljs
 at clojure.core$ex_info.invoke (core.clj:4591)
    cljs.compiler$compile_file$fn__3059.invoke (compiler.cljc:1146)
    cljs.compiler$compile_file.invoke (compiler.cljc:1109)
    cljs.compiler$compile_root.invoke (compiler.cljc:1181)
    cljs.closure$compile_dir.invoke (closure.clj:385)
    cljs.closure$eval3467$fn__3468.invoke (closure.clj:425)
    cljs.closure$eval3420$fn__3421$G__3411__3428.invoke (closure.clj:331)
    cljs.closure$eval3480$fn__3481.invoke (closure.clj:439)
    cljs.closure$eval3420$fn__3421$G__3411__3428.invoke (closure.clj:331)
    clojurescript_build.core.CompilableSourcePaths/fn (core.clj:19)
    clojure.core$map$fn__4551.invoke (core.clj:2620)
    clojure.lang.LazySeq.sval (LazySeq.java:40)
    clojure.lang.LazySeq.seq (LazySeq.java:49)
    clojure.lang.RT.seq (RT.java:507)
    clojure.core/seq (core.clj:135)
    clojure.core$apply.invoke (core.clj:628)
    clojure.core$mapcat.doInvoke (core.clj:2658)
    clojure.lang.RestFn.invoke (RestFn.java:423)
    clojurescript_build.core.CompilableSourcePaths._compile (core.clj:19)
    cljs.closure$build.invoke (closure.clj:1475)
    clojurescript_build.core$build_source_paths_STAR_.invoke (core.clj:153)
    figwheel_sidecar.auto_builder$default_build_options$fn__17729.invoke (auto_builder.clj:77)
    figwheel_sidecar.auto_builder$insert_figwheel_connect_script$fn__17762.invoke (auto_builder.clj:179)
    figwheel_sidecar.auto_builder$warning$fn__17726.invoke (auto_builder.clj:73)
    clojurescript_build.auto$time_build$fn__17522.invoke (auto.clj:55)
    clojurescript_build.auto$after$fn__17528.invoke (auto.clj:64)
    clojurescript_build.auto$after$fn__17528.invoke (auto.clj:64)
    clojurescript_build.auto$after$fn__17528.invoke (auto.clj:64)
    clojurescript_build.auto$error$fn__17531.invoke (auto.clj:71)
    clojurescript_build.auto$before$fn__17525.invoke (auto.clj:60)
[0mCompiling "resources/public/js/app.js" from ["src-cljs" "env/dev/cljs"]...
[31mCompiling "resources/public/js/app.js" failed.[0m
clojure.lang.ExceptionInfo: failed compiling file:src-cljs/multi_client_ws/core.cljs
 at clojure.core$ex_info.invoke (core.clj:4591)
    cljs.compiler$compile_file$fn__3059.invoke (compiler.cljc:1146)
    cljs.compiler$compile_file.invoke (compiler.cljc:1109)
    cljs.compiler$compile_root.invoke (compiler.cljc:1181)
    cljs.closure$compile_dir.invoke (closure.clj:385)
    cljs.closure$eval3467$fn__3468.invoke (closure.clj:425)
    cljs.closure$eval3420$fn__3421$G__3411__3428.invoke (closure.clj:331)
    cljs.closure$eval3480$fn__3481.invoke (closure.clj:439)
    cljs.closure$eval3420$fn__3421$G__3411__3428.invoke (closure.clj:331)
    clojurescript_build.core.CompilableSourcePaths/fn (core.clj:19)
    clojure.core$map$fn__4551.invoke (core.clj:2620)
    clojure.lang.LazySeq.sval (LazySeq.java:40)
    clojure.lang.LazySeq.seq (LazySeq.java:49)
    clojure.lang.RT.seq (RT.java:507)
    clojure.core/seq (core.clj:135)
    clojure.core$apply.invoke (core.clj:628)
    clojure.core$mapcat.doInvoke (core.clj:2658)
    clojure.lang.RestFn.invoke (RestFn.java:423)
    clojurescript_build.core.CompilableSourcePaths._compile (core.clj:19)
    cljs.closure$build.invoke (closure.clj:1475)
    clojurescript_build.core$build_source_paths_STAR_.invoke (core.clj:153)
    figwheel_sidecar.auto_builder$default_build_options$fn__17729.invoke (auto_builder.clj:77)
    figwheel_sidecar.auto_builder$insert_figwheel_connect_script$fn__17762.invoke (auto_builder.clj:179)
    figwheel_sidecar.auto_builder$warning$fn__17726.invoke (auto_builder.clj:73)
    clojurescript_build.auto$time_build$fn__17522.invoke (auto.clj:55)
    clojurescript_build.auto$after$fn__17528.invoke (auto.clj:64)
    clojurescript_build.auto$after$fn__17528.invoke (auto.clj:64)
    clojurescript_build.auto$after$fn__17528.invoke (auto.clj:64)
    clojurescript_build.auto$error$fn__17531.invoke (auto.clj:71)
    clojurescript_build.auto$before$fn__17525.invoke (auto.clj:60)
[0mCompiling "resources/public/js/app.js" from ["src-cljs" "env/dev/cljs"]...
[31mCompiling "resources/public/js/app.js" failed.[0m
clojure.lang.ExceptionInfo: failed compiling file:src-cljs/multi_client_ws/core.cljs
 at clojure.core$ex_info.invoke (core.clj:4591)
    cljs.compiler$compile_file$fn__3059.invoke (compiler.cljc:1146)
    cljs.compiler$compile_file.invoke (compiler.cljc:1109)
    cljs.compiler$compile_root.invoke (compiler.cljc:1181)
    cljs.closure$compile_dir.invoke (closure.clj:385)
    cljs.closure$eval3467$fn__3468.invoke (closure.clj:425)
    cljs.closure$eval3420$fn__3421$G__3411__3428.invoke (closure.clj:331)
    cljs.closure$eval3480$fn__3481.invoke (closure.clj:439)
    cljs.closure$eval3420$fn__3421$G__3411__3428.invoke (closure.clj:331)
    clojurescript_build.core.CompilableSourcePaths/fn (core.clj:19)
    clojure.core$map$fn__4551.invoke (core.clj:2620)
    clojure.lang.LazySeq.sval (LazySeq.java:40)
    clojure.lang.LazySeq.seq (LazySeq.java:49)
    clojure.lang.RT.seq (RT.java:507)
    clojure.core/seq (core.clj:135)
    clojure.core$apply.invoke (core.clj:628)
    clojure.core$mapcat.doInvoke (core.clj:2658)
    clojure.lang.RestFn.invoke (RestFn.java:423)
    clojurescript_build.core.CompilableSourcePaths._compile (core.clj:19)
    cljs.closure$build.invoke (closure.clj:1475)
    clojurescript_build.core$build_source_paths_STAR_.invoke (core.clj:153)
    figwheel_sidecar.auto_builder$default_build_options$fn__17729.invoke (auto_builder.clj:77)
    figwheel_sidecar.auto_builder$insert_figwheel_connect_script$fn__17762.invoke (auto_builder.clj:179)
    figwheel_sidecar.auto_builder$warning$fn__17726.invoke (auto_builder.clj:73)
    clojurescript_build.auto$time_build$fn__17522.invoke (auto.clj:55)
    clojurescript_build.auto$after$fn__17528.invoke (auto.clj:64)
    clojurescript_build.auto$after$fn__17528.invoke (auto.clj:64)
    clojurescript_build.auto$after$fn__17528.invoke (auto.clj:64)
    clojurescript_build.auto$error$fn__17531.invoke (auto.clj:71)
    clojurescript_build.auto$before$fn__17525.invoke (auto.clj:60)
[0mCompiling "resources/public/js/app.js" from ["src-cljs" "env/dev/cljs"]...
[31mCompiling "resources/public/js/app.js" failed.[0m
clojure.lang.ExceptionInfo: failed compiling file:src-cljs/multi_client_ws/core.cljs
 at clojure.core$ex_info.invoke (core.clj:4591)
    cljs.compiler$compile_file$fn__3059.invoke (compiler.cljc:1146)
    cljs.compiler$compile_file.invoke (compiler.cljc:1109)
    cljs.compiler$compile_root.invoke (compiler.cljc:1181)
    cljs.closure$compile_dir.invoke (closure.clj:385)
    cljs.closure$eval3467$fn__3468.invoke (closure.clj:425)
    cljs.closure$eval3420$fn__3421$G__3411__3428.invoke (closure.clj:331)
    cljs.closure$eval3480$fn__3481.invoke (closure.clj:439)
    cljs.closure$eval3420$fn__3421$G__3411__3428.invoke (closure.clj:331)
    clojurescript_build.core.CompilableSourcePaths/fn (core.clj:19)
    clojure.core$map$fn__4551.invoke (core.clj:2620)
    clojure.lang.LazySeq.sval (LazySeq.java:40)
    clojure.lang.LazySeq.seq (LazySeq.java:49)
    clojure.lang.RT.seq (RT.java:507)
    clojure.core/seq (core.clj:135)
    clojure.core$apply.invoke (core.clj:628)
    clojure.core$mapcat.doInvoke (core.clj:2658)
    clojure.lang.RestFn.invoke (RestFn.java:423)
    clojurescript_build.core.CompilableSourcePaths._compile (core.clj:19)
    cljs.closure$build.invoke (closure.clj:1475)
    clojurescript_build.core$build_source_paths_STAR_.invoke (core.clj:153)
    figwheel_sidecar.auto_builder$default_build_options$fn__17729.invoke (auto_builder.clj:77)
    figwheel_sidecar.auto_builder$insert_figwheel_connect_script$fn__17762.invoke (auto_builder.clj:179)
    figwheel_sidecar.auto_builder$warning$fn__17726.invoke (auto_builder.clj:73)
    clojurescript_build.auto$time_build$fn__17522.invoke (auto.clj:55)
    clojurescript_build.auto$after$fn__17528.invoke (auto.clj:64)
    clojurescript_build.auto$after$fn__17528.invoke (auto.clj:64)
    clojurescript_build.auto$after$fn__17528.invoke (auto.clj:64)
    clojurescript_build.auto$error$fn__17531.invoke (auto.clj:71)
    clojurescript_build.auto$before$fn__17525.invoke (auto.clj:60)
[0mCompiling "resources/public/js/app.js" from ["src-cljs" "env/dev/cljs"]...
[31mCompiling "resources/public/js/app.js" failed.[0m
clojure.lang.ExceptionInfo: failed compiling file:src-cljs/multi_client_ws/core.cljs
 at clojure.core$ex_info.invoke (core.clj:4591)
    cljs.compiler$compile_file$fn__3059.invoke (compiler.cljc:1146)
    cljs.compiler$compile_file.invoke (compiler.cljc:1109)
    cljs.compiler$compile_root.invoke (compiler.cljc:1181)
    cljs.closure$compile_dir.invoke (closure.clj:385)
    cljs.closure$eval3467$fn__3468.invoke (closure.clj:425)
    cljs.closure$eval3420$fn__3421$G__3411__3428.invoke (closure.clj:331)
    cljs.closure$eval3480$fn__3481.invoke (closure.clj:439)
    cljs.closure$eval3420$fn__3421$G__3411__3428.invoke (closure.clj:331)
    clojurescript_build.core.CompilableSourcePaths/fn (core.clj:19)
    clojure.core$map$fn__4551.invoke (core.clj:2620)
    clojure.lang.LazySeq.sval (LazySeq.java:40)
    clojure.lang.LazySeq.seq (LazySeq.java:49)
    clojure.lang.RT.seq (RT.java:507)
    clojure.core/seq (core.clj:135)
    clojure.core$apply.invoke (core.clj:628)
    clojure.core$mapcat.doInvoke (core.clj:2658)
    clojure.lang.RestFn.invoke (RestFn.java:423)
    clojurescript_build.core.CompilableSourcePaths._compile (core.clj:19)
    cljs.closure$build.invoke (closure.clj:1475)
    clojurescript_build.core$build_source_paths_STAR_.invoke (core.clj:153)
    figwheel_sidecar.auto_builder$default_build_options$fn__17729.invoke (auto_builder.clj:77)
    figwheel_sidecar.auto_builder$insert_figwheel_connect_script$fn__17762.invoke (auto_builder.clj:179)
    figwheel_sidecar.auto_builder$warning$fn__17726.invoke (auto_builder.clj:73)
    clojurescript_build.auto$time_build$fn__17522.invoke (auto.clj:55)
    clojurescript_build.auto$after$fn__17528.invoke (auto.clj:64)
    clojurescript_build.auto$after$fn__17528.invoke (auto.clj:64)
    clojurescript_build.auto$after$fn__17528.invoke (auto.clj:64)
    clojurescript_build.auto$error$fn__17531.invoke (auto.clj:71)
    clojurescript_build.auto$before$fn__17525.invoke (auto.clj:60)
[0mCompiling "resources/public/js/app.js" from ["src-cljs" "env/dev/cljs"]...
[31mCompiling "resources/public/js/app.js" failed.[0m
clojure.lang.ExceptionInfo: failed compiling file:src-cljs/multi_client_ws/core.cljs
 at clojure.core$ex_info.invoke (core.clj:4591)
    cljs.compiler$compile_file$fn__3059.invoke (compiler.cljc:1146)
    cljs.compiler$compile_file.invoke (compiler.cljc:1109)
    cljs.compiler$compile_root.invoke (compiler.cljc:1181)
    cljs.closure$compile_dir.invoke (closure.clj:385)
    cljs.closure$eval3467$fn__3468.invoke (closure.clj:425)
    cljs.closure$eval3420$fn__3421$G__3411__3428.invoke (closure.clj:331)
    cljs.closure$eval3480$fn__3481.invoke (closure.clj:439)
    cljs.closure$eval3420$fn__3421$G__3411__3428.invoke (closure.clj:331)
    clojurescript_build.core.CompilableSourcePaths/fn (core.clj:19)
    clojure.core$map$fn__4551.invoke (core.clj:2620)
    clojure.lang.LazySeq.sval (LazySeq.java:40)
    clojure.lang.LazySeq.seq (LazySeq.java:49)
    clojure.lang.RT.seq (RT.java:507)
    clojure.core/seq (core.clj:135)
    clojure.core$apply.invoke (core.clj:628)
    clojure.core$mapcat.doInvoke (core.clj:2658)
    clojure.lang.RestFn.invoke (RestFn.java:423)
    clojurescript_build.core.CompilableSourcePaths._compile (core.clj:19)
    cljs.closure$build.invoke (closure.clj:1475)
    clojurescript_build.core$build_source_paths_STAR_.invoke (core.clj:153)
    figwheel_sidecar.auto_builder$default_build_options$fn__17729.invoke (auto_builder.clj:77)
    figwheel_sidecar.auto_builder$insert_figwheel_connect_script$fn__17762.invoke (auto_builder.clj:179)
    figwheel_sidecar.auto_builder$warning$fn__17726.invoke (auto_builder.clj:73)
    clojurescript_build.auto$time_build$fn__17522.invoke (auto.clj:55)
    clojurescript_build.auto$after$fn__17528.invoke (auto.clj:64)
    clojurescript_build.auto$after$fn__17528.invoke (auto.clj:64)
    clojurescript_build.auto$after$fn__17528.invoke (auto.clj:64)
    clojurescript_build.auto$error$fn__17531.invoke (auto.clj:71)
    clojurescript_build.auto$before$fn__17525.invoke (auto.clj:60)
[0mCompiling "resources/public/js/app.js" from ["src-cljs" "env/dev/cljs"]...
[31mCompiling "resources/public/js/app.js" failed.[0m
clojure.lang.ExceptionInfo: failed compiling file:src-cljs/multi_client_ws/core.cljs
 at clojure.core$ex_info.invoke (core.clj:4591)
    cljs.compiler$compile_file$fn__3059.invoke (compiler.cljc:1146)
    cljs.compiler$compile_file.invoke (compiler.cljc:1109)
    cljs.compiler$compile_root.invoke (compiler.cljc:1181)
    cljs.closure$compile_dir.invoke (closure.clj:385)
    cljs.closure$eval3467$fn__3468.invoke (closure.clj:425)
    cljs.closure$eval3420$fn__3421$G__3411__3428.invoke (closure.clj:331)
    cljs.closure$eval3480$fn__3481.invoke (closure.clj:439)
    cljs.closure$eval3420$fn__3421$G__3411__3428.invoke (closure.clj:331)
    clojurescript_build.core.CompilableSourcePaths/fn (core.clj:19)
    clojure.core$map$fn__4551.invoke (core.clj:2620)
    clojure.lang.LazySeq.sval (LazySeq.java:40)
    clojure.lang.LazySeq.seq (LazySeq.java:49)
    clojure.lang.RT.seq (RT.java:507)
    clojure.core/seq (core.clj:135)
    clojure.core$apply.invoke (core.clj:628)
    clojure.core$mapcat.doInvoke (core.clj:2658)
    clojure.lang.RestFn.invoke (RestFn.java:423)
    clojurescript_build.core.CompilableSourcePaths._compile (core.clj:19)
    cljs.closure$build.invoke (closure.clj:1475)
    clojurescript_build.core$build_source_paths_STAR_.invoke (core.clj:153)
    figwheel_sidecar.auto_builder$default_build_options$fn__17729.invoke (auto_builder.clj:77)
    figwheel_sidecar.auto_builder$insert_figwheel_connect_script$fn__17762.invoke (auto_builder.clj:179)
    figwheel_sidecar.auto_builder$warning$fn__17726.invoke (auto_builder.clj:73)
    clojurescript_build.auto$time_build$fn__17522.invoke (auto.clj:55)
    clojurescript_build.auto$after$fn__17528.invoke (auto.clj:64)
    clojurescript_build.auto$after$fn__17528.invoke (auto.clj:64)
    clojurescript_build.auto$after$fn__17528.invoke (auto.clj:64)
    clojurescript_build.auto$error$fn__17531.invoke (auto.clj:71)
    clojurescript_build.auto$before$fn__17525.invoke (auto.clj:60)
[0mCompiling "resources/public/js/app.js" from ["src-cljs" "env/dev/cljs"]...
[31mCompiling "resources/public/js/app.js" failed.[0m
clojure.lang.ExceptionInfo: failed compiling file:src-cljs/multi_client_ws/core.cljs
 at clojure.core$ex_info.invoke (core.clj:4591)
    cljs.compiler$compile_file$fn__3059.invoke (compiler.cljc:1146)
    cljs.compiler$compile_file.invoke (compiler.cljc:1109)
    cljs.compiler$compile_root.invoke (compiler.cljc:1181)
    cljs.closure$compile_dir.invoke (closure.clj:385)
    cljs.closure$eval3467$fn__3468.invoke (closure.clj:425)
    cljs.closure$eval3420$fn__3421$G__3411__3428.invoke (closure.clj:331)
    cljs.closure$eval3480$fn__3481.invoke (closure.clj:439)
    cljs.closure$eval3420$fn__3421$G__3411__3428.invoke (closure.clj:331)
    clojurescript_build.core.CompilableSourcePaths/fn (core.clj:19)
    clojure.core$map$fn__4551.invoke (core.clj:2620)
    clojure.lang.LazySeq.sval (LazySeq.java:40)
    clojure.lang.LazySeq.seq (LazySeq.java:49)
    clojure.lang.RT.seq (RT.java:507)
    clojure.core/seq (core.clj:135)
    clojure.core$apply.invoke (core.clj:628)
    clojure.core$mapcat.doInvoke (core.clj:2658)
    clojure.lang.RestFn.invoke (RestFn.java:423)
    clojurescript_build.core.CompilableSourcePaths._compile (core.clj:19)
    cljs.closure$build.invoke (closure.clj:1475)
    clojurescript_build.core$build_source_paths_STAR_.invoke (core.clj:153)
    figwheel_sidecar.auto_builder$default_build_options$fn__17729.invoke (auto_builder.clj:77)
    figwheel_sidecar.auto_builder$insert_figwheel_connect_script$fn__17762.invoke (auto_builder.clj:179)
    figwheel_sidecar.auto_builder$warning$fn__17726.invoke (auto_builder.clj:73)
    clojurescript_build.auto$time_build$fn__17522.invoke (auto.clj:55)
    clojurescript_build.auto$after$fn__17528.invoke (auto.clj:64)
    clojurescript_build.auto$after$fn__17528.invoke (auto.clj:64)
    clojurescript_build.auto$after$fn__17528.invoke (auto.clj:64)
    clojurescript_build.auto$error$fn__17531.invoke (auto.clj:71)
    clojurescript_build.auto$before$fn__17525.invoke (auto.clj:60)
[0mCompiling "resources/public/js/app.js" from ["src-cljs" "env/dev/cljs"]...
[31mCompiling "resources/public/js/app.js" failed.[0m
clojure.lang.ExceptionInfo: failed compiling file:src-cljs/multi_client_ws/core.cljs
 at clojure.core$ex_info.invoke (core.clj:4591)
    cljs.compiler$compile_file$fn__3059.invoke (compiler.cljc:1146)
    cljs.compiler$compile_file.invoke (compiler.cljc:1109)
    cljs.compiler$compile_root.invoke (compiler.cljc:1181)
    cljs.closure$compile_dir.invoke (closure.clj:385)
    cljs.closure$eval3467$fn__3468.invoke (closure.clj:425)
    cljs.closure$eval3420$fn__3421$G__3411__3428.invoke (closure.clj:331)
    cljs.closure$eval3480$fn__3481.invoke (closure.clj:439)
    cljs.closure$eval3420$fn__3421$G__3411__3428.invoke (closure.clj:331)
    clojurescript_build.core.CompilableSourcePaths/fn (core.clj:19)
    clojure.core$map$fn__4551.invoke (core.clj:2620)
    clojure.lang.LazySeq.sval (LazySeq.java:40)
    clojure.lang.LazySeq.seq (LazySeq.java:49)
    clojure.lang.RT.seq (RT.java:507)
    clojure.core/seq (core.clj:135)
    clojure.core$apply.invoke (core.clj:628)
    clojure.core$mapcat.doInvoke (core.clj:2658)
    clojure.lang.RestFn.invoke (RestFn.java:423)
    clojurescript_build.core.CompilableSourcePaths._compile (core.clj:19)
    cljs.closure$build.invoke (closure.clj:1475)
    clojurescript_build.core$build_source_paths_STAR_.invoke (core.clj:153)
    figwheel_sidecar.auto_builder$default_build_options$fn__17729.invoke (auto_builder.clj:77)
    figwheel_sidecar.auto_builder$insert_figwheel_connect_script$fn__17762.invoke (auto_builder.clj:179)
    figwheel_sidecar.auto_builder$warning$fn__17726.invoke (auto_builder.clj:73)
    clojurescript_build.auto$time_build$fn__17522.invoke (auto.clj:55)
    clojurescript_build.auto$after$fn__17528.invoke (auto.clj:64)
    clojurescript_build.auto$after$fn__17528.invoke (auto.clj:64)
    clojurescript_build.auto$after$fn__17528.invoke (auto.clj:64)
    clojurescript_build.auto$error$fn__17531.invoke (auto.clj:71)
    clojurescript_build.auto$before$fn__17525.invoke (auto.clj:60)
[0mCompiling "resources/public/js/app.js" from ["src-cljs" "env/dev/cljs"]...
[31mCompiling "resources/public/js/app.js" failed.[0m
clojure.lang.ExceptionInfo: failed compiling file:src-cljs/multi_client_ws/core.cljs
 at clojure.core$ex_info.invoke (core.clj:4591)
    cljs.compiler$compile_file$fn__3059.invoke (compiler.cljc:1146)
    cljs.compiler$compile_file.invoke (compiler.cljc:1109)
    cljs.compiler$compile_root.invoke (compiler.cljc:1181)
    cljs.closure$compile_dir.invoke (closure.clj:385)
    cljs.closure$eval3467$fn__3468.invoke (closure.clj:425)
    cljs.closure$eval3420$fn__3421$G__3411__3428.invoke (closure.clj:331)
    cljs.closure$eval3480$fn__3481.invoke (closure.clj:439)
    cljs.closure$eval3420$fn__3421$G__3411__3428.invoke (closure.clj:331)
    clojurescript_build.core.CompilableSourcePaths/fn (core.clj:19)
    clojure.core$map$fn__4551.invoke (core.clj:2620)
    clojure.lang.LazySeq.sval (LazySeq.java:40)
    clojure.lang.LazySeq.seq (LazySeq.java:49)
    clojure.lang.RT.seq (RT.java:507)
    clojure.core/seq (core.clj:135)
    clojure.core$apply.invoke (core.clj:628)
    clojure.core$mapcat.doInvoke (core.clj:2658)
    clojure.lang.RestFn.invoke (RestFn.java:423)
    clojurescript_build.core.CompilableSourcePaths._compile (core.clj:19)
    cljs.closure$build.invoke (closure.clj:1475)
    clojurescript_build.core$build_source_paths_STAR_.invoke (core.clj:153)
    figwheel_sidecar.auto_builder$default_build_options$fn__17729.invoke (auto_builder.clj:77)
    figwheel_sidecar.auto_builder$insert_figwheel_connect_script$fn__17762.invoke (auto_builder.clj:179)
    figwheel_sidecar.auto_builder$warning$fn__17726.invoke (auto_builder.clj:73)
    clojurescript_build.auto$time_build$fn__17522.invoke (auto.clj:55)
    clojurescript_build.auto$after$fn__17528.invoke (auto.clj:64)
    clojurescript_build.auto$after$fn__17528.invoke (auto.clj:64)
    clojurescript_build.auto$after$fn__17528.invoke (auto.clj:64)
    clojurescript_build.auto$error$fn__17531.invoke (auto.clj:71)
    clojurescript_build.auto$before$fn__17525.invoke (auto.clj:60)
[0mCompiling "resources/public/js/app.js" from ["src-cljs" "env/dev/cljs"]...
[31mCompiling "resources/public/js/app.js" failed.[0m
clojure.lang.ExceptionInfo: failed compiling file:src-cljs/multi_client_ws/core.cljs
 at clojure.core$ex_info.invoke (core.clj:4591)
    cljs.compiler$compile_file$fn__3059.invoke (compiler.cljc:1146)
    cljs.compiler$compile_file.invoke (compiler.cljc:1109)
    cljs.compiler$compile_root.invoke (compiler.cljc:1181)
    cljs.closure$compile_dir.invoke (closure.clj:385)
    cljs.closure$eval3467$fn__3468.invoke (closure.clj:425)
    cljs.closure$eval3420$fn__3421$G__3411__3428.invoke (closure.clj:331)
    cljs.closure$eval3480$fn__3481.invoke (closure.clj:439)
    cljs.closure$eval3420$fn__3421$G__3411__3428.invoke (closure.clj:331)
    clojurescript_build.core.CompilableSourcePaths/fn (core.clj:19)
    clojure.core$map$fn__4551.invoke (core.clj:2620)
    clojure.lang.LazySeq.sval (LazySeq.java:40)
    clojure.lang.LazySeq.seq (LazySeq.java:49)
    clojure.lang.RT.seq (RT.java:507)
    clojure.core/seq (core.clj:135)
    clojure.core$apply.invoke (core.clj:628)
    clojure.core$mapcat.doInvoke (core.clj:2658)
    clojure.lang.RestFn.invoke (RestFn.java:423)
    clojurescript_build.core.CompilableSourcePaths._compile (core.clj:19)
    cljs.closure$build.invoke (closure.clj:1475)
    clojurescript_build.core$build_source_paths_STAR_.invoke (core.clj:153)
    figwheel_sidecar.auto_builder$default_build_options$fn__17729.invoke (auto_builder.clj:77)
    figwheel_sidecar.auto_builder$insert_figwheel_connect_script$fn__17762.invoke (auto_builder.clj:179)
    figwheel_sidecar.auto_builder$warning$fn__17726.invoke (auto_builder.clj:73)
    clojurescript_build.auto$time_build$fn__17522.invoke (auto.clj:55)
    clojurescript_build.auto$after$fn__17528.invoke (auto.clj:64)
    clojurescript_build.auto$after$fn__17528.invoke (auto.clj:64)
    clojurescript_build.auto$after$fn__17528.invoke (auto.clj:64)
    clojurescript_build.auto$error$fn__17531.invoke (auto.clj:71)
    clojurescript_build.auto$before$fn__17525.invoke (auto.clj:60)
[0mCompiling "resources/public/js/app.js" from ["src-cljs" "env/dev/cljs"]...
[31mCompiling "resources/public/js/app.js" failed.[0m
clojure.lang.ExceptionInfo: failed compiling file:src-cljs/multi_client_ws/core.cljs
 at clojure.core$ex_info.invoke (core.clj:4591)
    cljs.compiler$compile_file$fn__3059.invoke (compiler.cljc:1146)
    cljs.compiler$compile_file.invoke (compiler.cljc:1109)
    cljs.compiler$compile_root.invoke (compiler.cljc:1181)
    cljs.closure$compile_dir.invoke (closure.clj:385)
    cljs.closure$eval3467$fn__3468.invoke (closure.clj:425)
    cljs.closure$eval3420$fn__3421$G__3411__3428.invoke (closure.clj:331)
    cljs.closure$eval3480$fn__3481.invoke (closure.clj:439)
    cljs.closure$eval3420$fn__3421$G__3411__3428.invoke (closure.clj:331)
    clojurescript_build.core.CompilableSourcePaths/fn (core.clj:19)
    clojure.core$map$fn__4551.invoke (core.clj:2620)
    clojure.lang.LazySeq.sval (LazySeq.java:40)
    clojure.lang.LazySeq.seq (LazySeq.java:49)
    clojure.lang.RT.seq (RT.java:507)
    clojure.core/seq (core.clj:135)
    clojure.core$apply.invoke (core.clj:628)
    clojure.core$mapcat.doInvoke (core.clj:2658)
    clojure.lang.RestFn.invoke (RestFn.java:423)
    clojurescript_build.core.CompilableSourcePaths._compile (core.clj:19)
    cljs.closure$build.invoke (closure.clj:1475)
    clojurescript_build.core$build_source_paths_STAR_.invoke (core.clj:153)
    figwheel_sidecar.auto_builder$default_build_options$fn__17729.invoke (auto_builder.clj:77)
    figwheel_sidecar.auto_builder$insert_figwheel_connect_script$fn__17762.invoke (auto_builder.clj:179)
    figwheel_sidecar.auto_builder$warning$fn__17726.invoke (auto_builder.clj:73)
    clojurescript_build.auto$time_build$fn__17522.invoke (auto.clj:55)
    clojurescript_build.auto$after$fn__17528.invoke (auto.clj:64)
    clojurescript_build.auto$after$fn__17528.invoke (auto.clj:64)
    clojurescript_build.auto$after$fn__17528.invoke (auto.clj:64)
    clojurescript_build.auto$error$fn__17531.invoke (auto.clj:71)
    clojurescript_build.auto$before$fn__17525.invoke (auto.clj:60)
[0mCompiling "resources/public/js/app.js" from ["src-cljs" "env/dev/cljs"]...
[31mCompiling "resources/public/js/app.js" failed.[0m
clojure.lang.ExceptionInfo: failed compiling file:src-cljs/multi_client_ws/core.cljs
 at clojure.core$ex_info.invoke (core.clj:4591)
    cljs.compiler$compile_file$fn__3059.invoke (compiler.cljc:1146)
    cljs.compiler$compile_file.invoke (compiler.cljc:1109)
    cljs.compiler$compile_root.invoke (compiler.cljc:1181)
    cljs.closure$compile_dir.invoke (closure.clj:385)
    cljs.closure$eval3467$fn__3468.invoke (closure.clj:425)
    cljs.closure$eval3420$fn__3421$G__3411__3428.invoke (closure.clj:331)
    cljs.closure$eval3480$fn__3481.invoke (closure.clj:439)
    cljs.closure$eval3420$fn__3421$G__3411__3428.invoke (closure.clj:331)
    clojurescript_build.core.CompilableSourcePaths/fn (core.clj:19)
    clojure.core$map$fn__4551.invoke (core.clj:2620)
    clojure.lang.LazySeq.sval (LazySeq.java:40)
    clojure.lang.LazySeq.seq (LazySeq.java:49)
    clojure.lang.RT.seq (RT.java:507)
    clojure.core/seq (core.clj:135)
    clojure.core$apply.invoke (core.clj:628)
    clojure.core$mapcat.doInvoke (core.clj:2658)
    clojure.lang.RestFn.invoke (RestFn.java:423)
    clojurescript_build.core.CompilableSourcePaths._compile (core.clj:19)
    cljs.closure$build.invoke (closure.clj:1475)
    clojurescript_build.core$build_source_paths_STAR_.invoke (core.clj:153)
    figwheel_sidecar.auto_builder$default_build_options$fn__17729.invoke (auto_builder.clj:77)
    figwheel_sidecar.auto_builder$insert_figwheel_connect_script$fn__17762.invoke (auto_builder.clj:179)
    figwheel_sidecar.auto_builder$warning$fn__17726.invoke (auto_builder.clj:73)
    clojurescript_build.auto$time_build$fn__17522.invoke (auto.clj:55)
    clojurescript_build.auto$after$fn__17528.invoke (auto.clj:64)
    clojurescript_build.auto$after$fn__17528.invoke (auto.clj:64)
    clojurescript_build.auto$after$fn__17528.invoke (auto.clj:64)
    clojurescript_build.auto$error$fn__17531.invoke (auto.clj:71)
    clojurescript_build.auto$before$fn__17525.invoke (auto.clj:60)
[0mCompiling "resources/public/js/app.js" from ["src-cljs" "env/dev/cljs"]...
[31mCompiling "resources/public/js/app.js" failed.[0m
clojure.lang.ExceptionInfo: failed compiling file:src-cljs/multi_client_ws/core.cljs
 at clojure.core$ex_info.invoke (core.clj:4591)
    cljs.compiler$compile_file$fn__3059.invoke (compiler.cljc:1146)
    cljs.compiler$compile_file.invoke (compiler.cljc:1109)
    cljs.compiler$compile_root.invoke (compiler.cljc:1181)
    cljs.closure$compile_dir.invoke (closure.clj:385)
    cljs.closure$eval3467$fn__3468.invoke (closure.clj:425)
    cljs.closure$eval3420$fn__3421$G__3411__3428.invoke (closure.clj:331)
    cljs.closure$eval3480$fn__3481.invoke (closure.clj:439)
    cljs.closure$eval3420$fn__3421$G__3411__3428.invoke (closure.clj:331)
    clojurescript_build.core.CompilableSourcePaths/fn (core.clj:19)
    clojure.core$map$fn__4551.invoke (core.clj:2620)
    clojure.lang.LazySeq.sval (LazySeq.java:40)
    clojure.lang.LazySeq.seq (LazySeq.java:49)
    clojure.lang.RT.seq (RT.java:507)
    clojure.core/seq (core.clj:135)
    clojure.core$apply.invoke (core.clj:628)
    clojure.core$mapcat.doInvoke (core.clj:2658)
    clojure.lang.RestFn.invoke (RestFn.java:423)
    clojurescript_build.core.CompilableSourcePaths._compile (core.clj:19)
    cljs.closure$build.invoke (closure.clj:1475)
    clojurescript_build.core$build_source_paths_STAR_.invoke (core.clj:153)
    figwheel_sidecar.auto_builder$default_build_options$fn__17729.invoke (auto_builder.clj:77)
    figwheel_sidecar.auto_builder$insert_figwheel_connect_script$fn__17762.invoke (auto_builder.clj:179)
    figwheel_sidecar.auto_builder$warning$fn__17726.invoke (auto_builder.clj:73)
    clojurescript_build.auto$time_build$fn__17522.invoke (auto.clj:55)
    clojurescript_build.auto$after$fn__17528.invoke (auto.clj:64)
    clojurescript_build.auto$after$fn__17528.invoke (auto.clj:64)
    clojurescript_build.auto$after$fn__17528.invoke (auto.clj:64)
    clojurescript_build.auto$error$fn__17531.invoke (auto.clj:71)
    clojurescript_build.auto$before$fn__17525.invoke (auto.clj:60)
[0mCompiling "resources/public/js/app.js" from ["src-cljs" "env/dev/cljs"]...
[31mCompiling "resources/public/js/app.js" failed.[0m
clojure.lang.ExceptionInfo: failed compiling file:src-cljs/multi_client_ws/core.cljs
 at clojure.core$ex_info.invoke (core.clj:4591)
    cljs.compiler$compile_file$fn__3059.invoke (compiler.cljc:1146)
    cljs.compiler$compile_file.invoke (compiler.cljc:1109)
    cljs.compiler$compile_root.invoke (compiler.cljc:1181)
    cljs.closure$compile_dir.invoke (closure.clj:385)
    cljs.closure$eval3467$fn__3468.invoke (closure.clj:425)
    cljs.closure$eval3420$fn__3421$G__3411__3428.invoke (closure.clj:331)
    cljs.closure$eval3480$fn__3481.invoke (closure.clj:439)
    cljs.closure$eval3420$fn__3421$G__3411__3428.invoke (closure.clj:331)
    clojurescript_build.core.CompilableSourcePaths/fn (core.clj:19)
    clojure.core$map$fn__4551.invoke (core.clj:2620)
    clojure.lang.LazySeq.sval (LazySeq.java:40)
    clojure.lang.LazySeq.seq (LazySeq.java:49)
    clojure.lang.RT.seq (RT.java:507)
    clojure.core/seq (core.clj:135)
    clojure.core$apply.invoke (core.clj:628)
    clojure.core$mapcat.doInvoke (core.clj:2658)
    clojure.lang.RestFn.invoke (RestFn.java:423)
    clojurescript_build.core.CompilableSourcePaths._compile (core.clj:19)
    cljs.closure$build.invoke (closure.clj:1475)
    clojurescript_build.core$build_source_paths_STAR_.invoke (core.clj:153)
    figwheel_sidecar.auto_builder$default_build_options$fn__17729.invoke (auto_builder.clj:77)
    figwheel_sidecar.auto_builder$insert_figwheel_connect_script$fn__17762.invoke (auto_builder.clj:179)
    figwheel_sidecar.auto_builder$warning$fn__17726.invoke (auto_builder.clj:73)
    clojurescript_build.auto$time_build$fn__17522.invoke (auto.clj:55)
    clojurescript_build.auto$after$fn__17528.invoke (auto.clj:64)
    clojurescript_build.auto$after$fn__17528.invoke (auto.clj:64)
    clojurescript_build.auto$after$fn__17528.invoke (auto.clj:64)
    clojurescript_build.auto$error$fn__17531.invoke (auto.clj:71)
    clojurescript_build.auto$before$fn__17525.invoke (auto.clj:60)
[0mCompiling "resources/public/js/app.js" from ["src-cljs" "env/dev/cljs"]...
[31mCompiling "resources/public/js/app.js" failed.[0m
clojure.lang.ExceptionInfo: failed compiling file:src-cljs/multi_client_ws/core.cljs
 at clojure.core$ex_info.invoke (core.clj:4591)
    cljs.compiler$compile_file$fn__3059.invoke (compiler.cljc:1146)
    cljs.compiler$compile_file.invoke (compiler.cljc:1109)
    cljs.compiler$compile_root.invoke (compiler.cljc:1181)
    cljs.closure$compile_dir.invoke (closure.clj:385)
    cljs.closure$eval3467$fn__3468.invoke (closure.clj:425)
    cljs.closure$eval3420$fn__3421$G__3411__3428.invoke (closure.clj:331)
    cljs.closure$eval3480$fn__3481.invoke (closure.clj:439)
    cljs.closure$eval3420$fn__3421$G__3411__3428.invoke (closure.clj:331)
    clojurescript_build.core.CompilableSourcePaths/fn (core.clj:19)
    clojure.core$map$fn__4551.invoke (core.clj:2620)
    clojure.lang.LazySeq.sval (LazySeq.java:40)
    clojure.lang.LazySeq.seq (LazySeq.java:49)
    clojure.lang.RT.seq (RT.java:507)
    clojure.core/seq (core.clj:135)
    clojure.core$apply.invoke (core.clj:628)
    clojure.core$mapcat.doInvoke (core.clj:2658)
    clojure.lang.RestFn.invoke (RestFn.java:423)
    clojurescript_build.core.CompilableSourcePaths._compile (core.clj:19)
    cljs.closure$build.invoke (closure.clj:1475)
    clojurescript_build.core$build_source_paths_STAR_.invoke (core.clj:153)
    figwheel_sidecar.auto_builder$default_build_options$fn__17729.invoke (auto_builder.clj:77)
    figwheel_sidecar.auto_builder$insert_figwheel_connect_script$fn__17762.invoke (auto_builder.clj:179)
    figwheel_sidecar.auto_builder$warning$fn__17726.invoke (auto_builder.clj:73)
    clojurescript_build.auto$time_build$fn__17522.invoke (auto.clj:55)
    clojurescript_build.auto$after$fn__17528.invoke (auto.clj:64)
    clojurescript_build.auto$after$fn__17528.invoke (auto.clj:64)
    clojurescript_build.auto$after$fn__17528.invoke (auto.clj:64)
    clojurescript_build.auto$error$fn__17531.invoke (auto.clj:71)
    clojurescript_build.auto$before$fn__17525.invoke (auto.clj:60)
Figwheel: focusing on build-ids (app)
[0mCompiling "resources/public/js/app.js" from ["src-cljs" "env/dev/cljs"]...
[32mSuccessfully compiled "resources/public/js/app.js" in 0.421 seconds.[0m
notifying browser that file changed:  resources/public/js/app.js
notifying browser that file changed:  resources/public/js/out/goog/deps.js
notifying browser that file changed:  /multi_client_ws/websockets.js
notifying browser that file changed:  /multi_client_ws/app.js
notifying browser that file changed:  /multi_client_ws/core.js
[0mCompiling "resources/public/js/app.js" from ["src-cljs" "env/dev/cljs"]...
[32mSuccessfully compiled "resources/public/js/app.js" in 0.743 seconds.[0m
notifying browser that file changed:  resources/public/js/app.js
notifying browser that file changed:  /multi_client_ws/core.js
[0mCompiling "resources/public/js/app.js" from ["src-cljs" "env/dev/cljs"]...
[32mSuccessfully compiled "resources/public/js/app.js" in 1.098 seconds.[0m
notifying browser that file changed:  resources/public/js/app.js
notifying browser that file changed:  /multi_client_ws/core.js
[0mCompiling "resources/public/js/app.js" from ["src-cljs" "env/dev/cljs"]...
[32mSuccessfully compiled "resources/public/js/app.js" in 1.14 seconds.[0m
notifying browser that file changed:  /multi_client_ws/core.js
[0mCompiling "resources/public/js/app.js" from ["src-cljs" "env/dev/cljs"]...
[32mSuccessfully compiled "resources/public/js/app.js" in 0.447 seconds.[0m
notifying browser that file changed:  resources/public/js/app.js
notifying browser that file changed:  /multi_client_ws/core.js
[0mCompiling "resources/public/js/app.js" from ["src-cljs" "env/dev/cljs"]...
[32mSuccessfully compiled "resources/public/js/app.js" in 0.758 seconds.[0m
notifying browser that file changed:  /multi_client_ws/core.js
[0mCompiling "resources/public/js/app.js" from ["src-cljs" "env/dev/cljs"]...
[32mSuccessfully compiled "resources/public/js/app.js" in 0.422 seconds.[0m
notifying browser that file changed:  /multi_client_ws/core.js
[0mCompiling "resources/public/js/app.js" from ["src-cljs" "env/dev/cljs"]...
[32mSuccessfully compiled "resources/public/js/app.js" in 0.362 seconds.[0m
notifying browser that file changed:  resources/public/js/app.js
notifying browser that file changed:  /multi_client_ws/core.js
[0mCompiling "resources/public/js/app.js" from ["src-cljs" "env/dev/cljs"]...
[32mSuccessfully compiled "resources/public/js/app.js" in 0.858 seconds.[0m
notifying browser that file changed:  /multi_client_ws/core.js
[0mCompiling "resources/public/js/app.js" from ["src-cljs" "env/dev/cljs"]...
[32mSuccessfully compiled "resources/public/js/app.js" in 0.637 seconds.[0m
notifying browser that file changed:  /multi_client_ws/core.js
[0mCompiling "resources/public/js/app.js" from ["src-cljs" "env/dev/cljs"]...
[32mSuccessfully compiled "resources/public/js/app.js" in 0.386 seconds.[0m
notifying browser that file changed:  /multi_client_ws/core.js
[0mCompiling "resources/public/js/app.js" from ["src-cljs" "env/dev/cljs"]...
[32mSuccessfully compiled "resources/public/js/app.js" in 1.131 seconds.[0m
notifying browser that file changed:  resources/public/js/app.js
notifying browser that file changed:  /multi_client_ws/core.js
[0mCompiling "resources/public/js/app.js" from ["src-cljs" "env/dev/cljs"]...
[32mSuccessfully compiled "resources/public/js/app.js" in 0.605 seconds.[0m
notifying browser that file changed:  /multi_client_ws/core.js
