2018-Oct-03 21:09:17 -0500 frozenfish INFO [multi-client-ws.handler] - 
-=[ multi-client-ws started successfully using the development profile ]=-
2018-Oct-03 21:09:18 -0500 frozenfish INFO [multi-client-ws.core] - server started on port: 3000
2018-Oct-03 21:11:04 -0500 frozenfish INFO [multi-client-ws.routes.websockets] - channel open
2018-Oct-03 21:13:38 -0500 frozenfish INFO [multi-client-ws.routes.websockets] - channel closed: :going-away
2018-Oct-03 21:13:47 -0500 frozenfish INFO [multi-client-ws.handler] - multi-client-ws is shutting down...
2018-Oct-03 21:13:47 -0500 frozenfish INFO [multi-client-ws.handler] - shutdown complete!
2018-Oct-03 21:22:39 -0500 frozenfish INFO [multi-client-ws.handler] - 
-=[ multi-client-ws started successfully using the development profile ]=-
2018-Oct-03 21:22:39 -0500 frozenfish INFO [multi-client-ws.core] - server started on port: 3000
2018-Oct-03 21:24:16 -0500 frozenfish INFO [multi-client-ws.routes.websockets] - channel open
2018-Oct-03 21:24:38 -0500 frozenfish INFO [multi-client-ws.routes.websockets] - channel closed: :going-away
2018-Oct-03 21:25:13 -0500 frozenfish INFO [multi-client-ws.routes.websockets] - channel open
2018-Oct-03 21:25:41 -0500 frozenfish INFO [multi-client-ws.routes.websockets] - channel closed: :going-away
2018-Oct-03 21:25:46 -0500 frozenfish INFO [multi-client-ws.routes.websockets] - channel open
2018-Oct-03 21:26:33 -0500 frozenfish INFO [multi-client-ws.routes.websockets] - channel open
2018-Oct-03 21:26:34 -0500 frozenfish INFO [multi-client-ws.routes.websockets] - channel closed: :going-away
2018-Oct-03 21:27:06 -0500 frozenfish INFO [multi-client-ws.routes.websockets] - channel closed: :going-away
2018-Oct-03 21:27:42 -0500 frozenfish INFO [multi-client-ws.handler] - multi-client-ws is shutting down...
2018-Oct-03 21:27:42 -0500 frozenfish INFO [multi-client-ws.handler] - shutdown complete!
2018-Oct-03 21:28:25 -0500 frozenfish INFO [multi-client-ws.handler] - 
-=[ multi-client-ws started successfully using the development profile ]=-
2018-Oct-03 21:28:25 -0500 frozenfish INFO [multi-client-ws.core] - server started on port: 3000
2018-Oct-03 22:05:26 -0500 frozenfish INFO [multi-client-ws.handler] - multi-client-ws is shutting down...
2018-Oct-03 22:05:26 -0500 frozenfish INFO [multi-client-ws.handler] - shutdown complete!
2018-Oct-03 22:06:53 -0500 frozenfish INFO [multi-client-ws.handler] - 
-=[ multi-client-ws started successfully using the development profile ]=-
2018-Oct-03 22:06:54 -0500 frozenfish INFO [multi-client-ws.core] - server started on port: 3000
2018-Oct-03 22:07:39 -0500 frozenfish INFO [multi-client-ws.routes.websockets] - channel open
2018-Oct-03 22:09:07 -0500 frozenfish INFO [multi-client-ws.routes.websockets] - channel closed: :going-away
2018-Oct-03 22:09:08 -0500 frozenfish INFO [multi-client-ws.routes.websockets] - channel open
2018-Oct-03 22:14:54 -0500 frozenfish INFO [multi-client-ws.routes.websockets] - channel closed: :going-away
2018-Oct-03 22:15:22 -0500 frozenfish INFO [multi-client-ws.routes.websockets] - channel open
2018-Oct-03 22:17:37 -0500 frozenfish INFO [multi-client-ws.routes.websockets] - channel closed: :going-away
2018-Oct-03 22:17:39 -0500 frozenfish INFO [multi-client-ws.routes.websockets] - channel open
2018-Oct-03 22:24:57 -0500 frozenfish INFO [multi-client-ws.routes.websockets] - channel closed: :going-away
2018-Oct-03 22:25:00 -0500 frozenfish INFO [multi-client-ws.routes.websockets] - channel open
2018-Oct-03 22:37:32 -0500 frozenfish INFO [multi-client-ws.handler] - multi-client-ws is shutting down...
2018-Oct-03 22:37:32 -0500 frozenfish INFO [multi-client-ws.handler] - shutdown complete!
2018-Oct-03 22:37:32 -0500 frozenfish INFO [multi-client-ws.routes.websockets] - channel closed: :server-close
2018-Oct-03 22:38:10 -0500 frozenfish INFO [multi-client-ws.handler] - 
-=[ multi-client-ws started successfully using the development profile ]=-
2018-Oct-03 22:38:10 -0500 frozenfish INFO [multi-client-ws.core] - server started on port: 3000
2018-Oct-03 22:38:32 -0500 frozenfish INFO [multi-client-ws.routes.websockets] - channel open
2018-Oct-03 22:56:44 -0500 frozenfish INFO [multi-client-ws.handler] - multi-client-ws is shutting down...
2018-Oct-03 22:56:44 -0500 frozenfish INFO [multi-client-ws.handler] - shutdown complete!
2018-Oct-03 22:56:44 -0500 frozenfish INFO [multi-client-ws.routes.websockets] - channel closed: :server-close
2018-Oct-03 22:57:28 -0500 frozenfish INFO [multi-client-ws.handler] - 
-=[ multi-client-ws started successfully using the development profile ]=-
2018-Oct-03 22:57:28 -0500 frozenfish INFO [multi-client-ws.core] - server started on port: 3000
2018-Oct-03 22:58:20 -0500 frozenfish INFO [multi-client-ws.routes.websockets] - channel open
2018-Oct-03 23:08:13 -0500 frozenfish INFO [multi-client-ws.routes.websockets] - channel closed: :going-away
2018-Oct-03 23:08:16 -0500 frozenfish INFO [multi-client-ws.routes.websockets] - channel open
2018-Oct-03 23:18:33 -0500 frozenfish INFO [multi-client-ws.routes.websockets] - channel closed: :going-away
2018-Oct-03 23:18:36 -0500 frozenfish INFO [multi-client-ws.routes.websockets] - channel open
2018-Oct-03 23:19:00 -0500 frozenfish INFO [multi-client-ws.routes.websockets] - channel closed: :going-away
2018-Oct-03 23:19:01 -0500 frozenfish INFO [multi-client-ws.routes.websockets] - channel open
2018-Oct-03 23:20:48 -0500 frozenfish INFO [multi-client-ws.routes.websockets] - channel open
2018-Oct-03 23:22:47 -0500 frozenfish INFO [multi-client-ws.routes.websockets] - channel closed: :going-away
2018-Oct-03 23:22:48 -0500 frozenfish INFO [multi-client-ws.routes.websockets] - channel closed: :going-away
2018-Oct-03 23:23:15 -0500 frozenfish INFO [multi-client-ws.routes.websockets] - channel open
2018-Oct-03 23:51:46 -0500 frozenfish INFO [multi-client-ws.handler] - multi-client-ws is shutting down...
2018-Oct-03 23:51:46 -0500 frozenfish INFO [multi-client-ws.handler] - shutdown complete!
2018-Oct-03 23:51:46 -0500 frozenfish INFO [multi-client-ws.routes.websockets] - channel closed: :server-close
2018-Oct-03 23:52:29 -0500 frozenfish INFO [multi-client-ws.handler] - 
-=[ multi-client-ws started successfully using the development profile ]=-
2018-Oct-03 23:52:29 -0500 frozenfish INFO [multi-client-ws.core] - server started on port: 3000
2018-Oct-03 23:53:39 -0500 frozenfish INFO [multi-client-ws.routes.websockets] - channel open
2018-Oct-04 00:01:37 -0500 frozenfish INFO [multi-client-ws.routes.websockets] - channel closed: :going-away
2018-Oct-04 00:01:38 -0500 frozenfish INFO [multi-client-ws.routes.websockets] - channel open
2018-Oct-04 00:01:50 -0500 frozenfish INFO [multi-client-ws.routes.websockets] - channel closed: :going-away
2018-Oct-04 00:02:02 -0500 frozenfish INFO [multi-client-ws.routes.websockets] - channel open
2018-Oct-04 00:05:01 -0500 frozenfish INFO [multi-client-ws.routes.websockets] - channel closed: :going-away
2018-Oct-04 00:05:02 -0500 frozenfish INFO [multi-client-ws.routes.websockets] - channel open
2018-Oct-04 07:46:01 -0500 frozenfish INFO [multi-client-ws.routes.websockets] - channel closed: :going-away
2018-Oct-04 07:46:28 -0500 frozenfish INFO [multi-client-ws.handler] - multi-client-ws is shutting down...
2018-Oct-04 07:46:28 -0500 frozenfish INFO [multi-client-ws.handler] - shutdown complete!
2018-Oct-04 07:54:02 -0500 frozenfish INFO [multi-client-ws.handler] - 
-=[ multi-client-ws started successfully using the development profile ]=-
2018-Oct-04 07:54:02 -0500 frozenfish INFO [multi-client-ws.core] - server started on port: 3000
2018-Oct-04 07:54:58 -0500 frozenfish INFO [multi-client-ws.routes.websockets] - channel open
2018-Oct-04 16:20:42 -0500 frozenfish INFO [multi-client-ws.handler] - multi-client-ws is shutting down...
2018-Oct-04 16:20:42 -0500 frozenfish INFO [multi-client-ws.handler] - shutdown complete!
2018-Oct-04 16:20:42 -0500 frozenfish INFO [multi-client-ws.routes.websockets] - channel closed: :server-close
